ERROR - 2021-05-17 11:08:00 --> mysqli_sql_exception: Unknown table 'bdd_rapidito_carga_pesada.rel_ferreteria_ciudad' in C:\xampp\htdocs\apica\system\Database\MySQLi\Connection.php:314
Stack trace:
#0 C:\xampp\htdocs\apica\system\Database\MySQLi\Connection.php(314): mysqli->query('SELECT `tbl_ped...')
#1 C:\xampp\htdocs\apica\system\Database\BaseConnection.php(713): CodeIgniter\Database\MySQLi\Connection->execute('SELECT `tbl_ped...')
#2 C:\xampp\htdocs\apica\system\Database\BaseConnection.php(641): CodeIgniter\Database\BaseConnection->simpleQuery('SELECT `tbl_ped...')
#3 C:\xampp\htdocs\apica\system\Database\BaseBuilder.php(1866): CodeIgniter\Database\BaseConnection->query('SELECT `tbl_ped...', Array, false)
#4 C:\xampp\htdocs\apica\app\Models\PedidoDetalleModel.php(16): CodeIgniter\Database\BaseBuilder->get()
#5 C:\xampp\htdocs\apica\app\Controllers\PedidoDetalle.php(14): App\Models\PedidoDetalleModel->getPedidoDetalle()
#6 C:\xampp\htdocs\apica\system\CodeIgniter.php(936): App\Controllers\PedidoDetalle->index()
#7 C:\xampp\htdocs\apica\system\CodeIgniter.php(432): CodeIgniter\CodeIgniter->runController(Object(App\Controllers\PedidoDetalle))
#8 C:\xampp\htdocs\apica\system\CodeIgniter.php(333): CodeIgniter\CodeIgniter->handleRequest(NULL, Object(Config\Cache), false)
#9 C:\xampp\htdocs\apica\index.php(44): CodeIgniter\CodeIgniter->run()
#10 {main}
CRITICAL - 2021-05-17 11:08:00 --> Unknown table 'bdd_rapidito_carga_pesada.rel_ferreteria_ciudad'
#0 C:\xampp\htdocs\apica\system\Database\MySQLi\Connection.php(314): mysqli->query('SELECT `tbl_ped...')
#1 C:\xampp\htdocs\apica\system\Database\BaseConnection.php(713): CodeIgniter\Database\MySQLi\Connection->execute('SELECT `tbl_ped...')
#2 C:\xampp\htdocs\apica\system\Database\BaseConnection.php(641): CodeIgniter\Database\BaseConnection->simpleQuery('SELECT `tbl_ped...')
#3 C:\xampp\htdocs\apica\system\Database\BaseBuilder.php(1866): CodeIgniter\Database\BaseConnection->query('SELECT `tbl_ped...', Array, false)
#4 C:\xampp\htdocs\apica\app\Models\PedidoDetalleModel.php(16): CodeIgniter\Database\BaseBuilder->get()
#5 C:\xampp\htdocs\apica\app\Controllers\PedidoDetalle.php(14): App\Models\PedidoDetalleModel->getPedidoDetalle()
#6 C:\xampp\htdocs\apica\system\CodeIgniter.php(936): App\Controllers\PedidoDetalle->index()
#7 C:\xampp\htdocs\apica\system\CodeIgniter.php(432): CodeIgniter\CodeIgniter->runController(Object(App\Controllers\PedidoDetalle))
#8 C:\xampp\htdocs\apica\system\CodeIgniter.php(333): CodeIgniter\CodeIgniter->handleRequest(NULL, Object(Config\Cache), false)
#9 C:\xampp\htdocs\apica\index.php(44): CodeIgniter\CodeIgniter->run()
#10 {main}
