ERROR - 2021-05-25 08:49:56 --> mysqli_sql_exception: Unknown table 'bdd_rapidito_carga_pesada.tbl_lugardespacho' in C:\xampp\htdocs\apica\system\Database\MySQLi\Connection.php:314
Stack trace:
#0 C:\xampp\htdocs\apica\system\Database\MySQLi\Connection.php(314): mysqli->query('SELECT `tbl_ped...')
#1 C:\xampp\htdocs\apica\system\Database\BaseConnection.php(713): CodeIgniter\Database\MySQLi\Connection->execute('SELECT `tbl_ped...')
#2 C:\xampp\htdocs\apica\system\Database\BaseConnection.php(641): CodeIgniter\Database\BaseConnection->simpleQuery('SELECT `tbl_ped...')
#3 C:\xampp\htdocs\apica\system\Database\BaseBuilder.php(1866): CodeIgniter\Database\BaseConnection->query('SELECT `tbl_ped...', Array, false)
#4 C:\xampp\htdocs\apica\app\Models\PedidoCabeceraModel.php(100): CodeIgniter\Database\BaseBuilder->get()
#5 C:\xampp\htdocs\apica\app\Controllers\PedidoCabecera.php(93): App\Models\PedidoCabeceraModel->getreportegeneral('2021-05-22', '2021-05-27')
#6 C:\xampp\htdocs\apica\system\CodeIgniter.php(936): App\Controllers\PedidoCabecera->reportegeneral()
#7 C:\xampp\htdocs\apica\system\CodeIgniter.php(432): CodeIgniter\CodeIgniter->runController(Object(App\Controllers\PedidoCabecera))
#8 C:\xampp\htdocs\apica\system\CodeIgniter.php(333): CodeIgniter\CodeIgniter->handleRequest(NULL, Object(Config\Cache), false)
#9 C:\xampp\htdocs\apica\index.php(44): CodeIgniter\CodeIgniter->run()
#10 {main}
CRITICAL - 2021-05-25 08:49:56 --> Unknown table 'bdd_rapidito_carga_pesada.tbl_lugardespacho'
#0 C:\xampp\htdocs\apica\system\Database\MySQLi\Connection.php(314): mysqli->query('SELECT `tbl_ped...')
#1 C:\xampp\htdocs\apica\system\Database\BaseConnection.php(713): CodeIgniter\Database\MySQLi\Connection->execute('SELECT `tbl_ped...')
#2 C:\xampp\htdocs\apica\system\Database\BaseConnection.php(641): CodeIgniter\Database\BaseConnection->simpleQuery('SELECT `tbl_ped...')
#3 C:\xampp\htdocs\apica\system\Database\BaseBuilder.php(1866): CodeIgniter\Database\BaseConnection->query('SELECT `tbl_ped...', Array, false)
#4 C:\xampp\htdocs\apica\app\Models\PedidoCabeceraModel.php(100): CodeIgniter\Database\BaseBuilder->get()
#5 C:\xampp\htdocs\apica\app\Controllers\PedidoCabecera.php(93): App\Models\PedidoCabeceraModel->getreportegeneral('2021-05-22', '2021-05-27')
#6 C:\xampp\htdocs\apica\system\CodeIgniter.php(936): App\Controllers\PedidoCabecera->reportegeneral()
#7 C:\xampp\htdocs\apica\system\CodeIgniter.php(432): CodeIgniter\CodeIgniter->runController(Object(App\Controllers\PedidoCabecera))
#8 C:\xampp\htdocs\apica\system\CodeIgniter.php(333): CodeIgniter\CodeIgniter->handleRequest(NULL, Object(Config\Cache), false)
#9 C:\xampp\htdocs\apica\index.php(44): CodeIgniter\CodeIgniter->run()
#10 {main}
ERROR - 2021-05-25 10:25:37 --> mysqli_sql_exception: Column 'dap_id_conductor' cannot be null in C:\xampp\htdocs\apica\system\Database\MySQLi\Connection.php:314
Stack trace:
#0 C:\xampp\htdocs\apica\system\Database\MySQLi\Connection.php(314): mysqli->query('INSERT INTO `tb...')
#1 C:\xampp\htdocs\apica\system\Database\BaseConnection.php(713): CodeIgniter\Database\MySQLi\Connection->execute('INSERT INTO `tb...')
#2 C:\xampp\htdocs\apica\system\Database\BaseConnection.php(641): CodeIgniter\Database\BaseConnection->simpleQuery('INSERT INTO `tb...')
#3 C:\xampp\htdocs\apica\system\Database\BaseBuilder.php(2263): CodeIgniter\Database\BaseConnection->query('INSERT INTO `tb...', Array, false)
#4 C:\xampp\htdocs\apica\app\Models\PedidoCabeceraModel.php(177): CodeIgniter\Database\BaseBuilder->insert(Array)
#5 C:\xampp\htdocs\apica\app\Controllers\PedidoCabecera.php(206): App\Models\PedidoCabeceraModel->insertar(Array)
#6 C:\xampp\htdocs\apica\system\CodeIgniter.php(936): App\Controllers\PedidoCabecera->create()
#7 C:\xampp\htdocs\apica\system\CodeIgniter.php(432): CodeIgniter\CodeIgniter->runController(Object(App\Controllers\PedidoCabecera))
#8 C:\xampp\htdocs\apica\system\CodeIgniter.php(333): CodeIgniter\CodeIgniter->handleRequest(NULL, Object(Config\Cache), false)
#9 C:\xampp\htdocs\apica\index.php(44): CodeIgniter\CodeIgniter->run()
#10 {main}
CRITICAL - 2021-05-25 10:25:37 --> Column 'dap_id_conductor' cannot be null
#0 C:\xampp\htdocs\apica\system\Database\MySQLi\Connection.php(314): mysqli->query('INSERT INTO `tb...')
#1 C:\xampp\htdocs\apica\system\Database\BaseConnection.php(713): CodeIgniter\Database\MySQLi\Connection->execute('INSERT INTO `tb...')
#2 C:\xampp\htdocs\apica\system\Database\BaseConnection.php(641): CodeIgniter\Database\BaseConnection->simpleQuery('INSERT INTO `tb...')
#3 C:\xampp\htdocs\apica\system\Database\BaseBuilder.php(2263): CodeIgniter\Database\BaseConnection->query('INSERT INTO `tb...', Array, false)
#4 C:\xampp\htdocs\apica\app\Models\PedidoCabeceraModel.php(177): CodeIgniter\Database\BaseBuilder->insert(Array)
#5 C:\xampp\htdocs\apica\app\Controllers\PedidoCabecera.php(206): App\Models\PedidoCabeceraModel->insertar(Array)
#6 C:\xampp\htdocs\apica\system\CodeIgniter.php(936): App\Controllers\PedidoCabecera->create()
#7 C:\xampp\htdocs\apica\system\CodeIgniter.php(432): CodeIgniter\CodeIgniter->runController(Object(App\Controllers\PedidoCabecera))
#8 C:\xampp\htdocs\apica\system\CodeIgniter.php(333): CodeIgniter\CodeIgniter->handleRequest(NULL, Object(Config\Cache), false)
#9 C:\xampp\htdocs\apica\index.php(44): CodeIgniter\CodeIgniter->run()
#10 {main}
