CRITICAL - 2021-06-02 21:52:08 --> Undefined variable $hasta
#0 C:\xampp\htdocs\apica\app\Models\PedidoCabeceraModel.php(170): CodeIgniter\Debug\Exceptions->errorHandler(2, 'Undefined varia...', 'C:\\xampp\\htdocs...', 170)
#1 C:\xampp\htdocs\apica\app\Controllers\PedidoCabecera.php(519): App\Models\PedidoCabeceraModel->cantidadpedidos('02-06-2021')
#2 C:\xampp\htdocs\apica\system\CodeIgniter.php(936): App\Controllers\PedidoCabecera->estadisticas()
#3 C:\xampp\htdocs\apica\system\CodeIgniter.php(432): CodeIgniter\CodeIgniter->runController(Object(App\Controllers\PedidoCabecera))
#4 C:\xampp\htdocs\apica\system\CodeIgniter.php(333): CodeIgniter\CodeIgniter->handleRequest(NULL, Object(Config\Cache), false)
#5 C:\xampp\htdocs\apica\index.php(44): CodeIgniter\CodeIgniter->run()
#6 {main}
ERROR - 2021-06-02 21:56:05 --> mysqli_sql_exception: You have an error in your SQL syntax; check the manual that corresponds to your MariaDB server version for the right syntax to use near '*) AS *
FROM `tbl_pedidocabecera`
WHERE `tbl_pedidocabecera`.`pec_fecharecogi...' at line 1 in C:\xampp\htdocs\apica\system\Database\MySQLi\Connection.php:314
Stack trace:
#0 C:\xampp\htdocs\apica\system\Database\MySQLi\Connection.php(314): mysqli->query('SELECT COUNT(`t...')
#1 C:\xampp\htdocs\apica\system\Database\BaseConnection.php(713): CodeIgniter\Database\MySQLi\Connection->execute('SELECT COUNT(`t...')
#2 C:\xampp\htdocs\apica\system\Database\BaseConnection.php(641): CodeIgniter\Database\BaseConnection->simpleQuery('SELECT COUNT(`t...')
#3 C:\xampp\htdocs\apica\system\Database\BaseBuilder.php(1866): CodeIgniter\Database\BaseConnection->query('SELECT COUNT(`t...', Array, false)
#4 C:\xampp\htdocs\apica\app\Models\PedidoCabeceraModel.php(172): CodeIgniter\Database\BaseBuilder->get()
#5 C:\xampp\htdocs\apica\app\Controllers\PedidoCabecera.php(519): App\Models\PedidoCabeceraModel->cantidadpedidos('2021-06-02')
#6 C:\xampp\htdocs\apica\system\CodeIgniter.php(936): App\Controllers\PedidoCabecera->estadisticas()
#7 C:\xampp\htdocs\apica\system\CodeIgniter.php(432): CodeIgniter\CodeIgniter->runController(Object(App\Controllers\PedidoCabecera))
#8 C:\xampp\htdocs\apica\system\CodeIgniter.php(333): CodeIgniter\CodeIgniter->handleRequest(NULL, Object(Config\Cache), false)
#9 C:\xampp\htdocs\apica\index.php(44): CodeIgniter\CodeIgniter->run()
#10 {main}
CRITICAL - 2021-06-02 21:56:05 --> You have an error in your SQL syntax; check the manual that corresponds to your MariaDB server version for the right syntax to use near '*) AS *
FROM `tbl_pedidocabecera`
WHERE `tbl_pedidocabecera`.`pec_fecharecogi...' at line 1
#0 C:\xampp\htdocs\apica\system\Database\MySQLi\Connection.php(314): mysqli->query('SELECT COUNT(`t...')
#1 C:\xampp\htdocs\apica\system\Database\BaseConnection.php(713): CodeIgniter\Database\MySQLi\Connection->execute('SELECT COUNT(`t...')
#2 C:\xampp\htdocs\apica\system\Database\BaseConnection.php(641): CodeIgniter\Database\BaseConnection->simpleQuery('SELECT COUNT(`t...')
#3 C:\xampp\htdocs\apica\system\Database\BaseBuilder.php(1866): CodeIgniter\Database\BaseConnection->query('SELECT COUNT(`t...', Array, false)
#4 C:\xampp\htdocs\apica\app\Models\PedidoCabeceraModel.php(172): CodeIgniter\Database\BaseBuilder->get()
#5 C:\xampp\htdocs\apica\app\Controllers\PedidoCabecera.php(519): App\Models\PedidoCabeceraModel->cantidadpedidos('2021-06-02')
#6 C:\xampp\htdocs\apica\system\CodeIgniter.php(936): App\Controllers\PedidoCabecera->estadisticas()
#7 C:\xampp\htdocs\apica\system\CodeIgniter.php(432): CodeIgniter\CodeIgniter->runController(Object(App\Controllers\PedidoCabecera))
#8 C:\xampp\htdocs\apica\system\CodeIgniter.php(333): CodeIgniter\CodeIgniter->handleRequest(NULL, Object(Config\Cache), false)
#9 C:\xampp\htdocs\apica\index.php(44): CodeIgniter\CodeIgniter->run()
#10 {main}
CRITICAL - 2021-06-02 22:21:52 --> Undefined variable $variable
#0 C:\xampp\htdocs\apica\app\Controllers\PedidoCabecera.php(528): CodeIgniter\Debug\Exceptions->errorHandler(2, 'Undefined varia...', 'C:\\xampp\\htdocs...', 528)
#1 C:\xampp\htdocs\apica\system\CodeIgniter.php(936): App\Controllers\PedidoCabecera->estadisticas()
#2 C:\xampp\htdocs\apica\system\CodeIgniter.php(432): CodeIgniter\CodeIgniter->runController(Object(App\Controllers\PedidoCabecera))
#3 C:\xampp\htdocs\apica\system\CodeIgniter.php(333): CodeIgniter\CodeIgniter->handleRequest(NULL, Object(Config\Cache), false)
#4 C:\xampp\htdocs\apica\index.php(44): CodeIgniter\CodeIgniter->run()
#5 {main}
CRITICAL - 2021-06-02 23:08:14 --> syntax error, unexpected single-quoted string "cantidadpedidoshoyconductor", expecting ")"
#0 C:\xampp\htdocs\apica\system\Autoloader\Autoloader.php(265): CodeIgniter\Autoloader\Autoloader->includeFile('C:\\xampp\\htdocs...')
#1 C:\xampp\htdocs\apica\system\Autoloader\Autoloader.php(228): CodeIgniter\Autoloader\Autoloader->loadInNamespace('App\\Controllers...')
#2 [internal function]: CodeIgniter\Autoloader\Autoloader->loadClass('App\\Controllers...')
#3 C:\xampp\htdocs\apica\system\CodeIgniter.php(893): class_exists('\\App\\Controller...', true)
#4 C:\xampp\htdocs\apica\system\CodeIgniter.php(417): CodeIgniter\CodeIgniter->startController()
#5 C:\xampp\htdocs\apica\system\CodeIgniter.php(333): CodeIgniter\CodeIgniter->handleRequest(NULL, Object(Config\Cache), false)
#6 C:\xampp\htdocs\apica\index.php(44): CodeIgniter\CodeIgniter->run()
#7 {main}
