ERROR - 2021-06-06 22:47:03 --> Error connecting to the database: Access denied for user '****'@'localhost' (using password: YES)
CRITICAL - 2021-06-06 22:47:03 --> Unable to connect to the database.
#0 /home/gesincom/arriendoinmobiliario.gesin.com.ec/apiarriendo/system/Database/BaseConnection.php(618): CodeIgniter\Database\BaseConnection->initialize()
#1 /home/gesincom/arriendoinmobiliario.gesin.com.ec/apiarriendo/system/Database/BaseBuilder.php(1866): CodeIgniter\Database\BaseConnection->query('SELECT `tbl_rol...', Array, false)
#2 /home/gesincom/arriendoinmobiliario.gesin.com.ec/apiarriendo/app/Models/RolModel.php(14): CodeIgniter\Database\BaseBuilder->get()
#3 /home/gesincom/arriendoinmobiliario.gesin.com.ec/apiarriendo/app/Controllers/Rol.php(16): App\Models\RolModel->getRol()
#4 /home/gesincom/arriendoinmobiliario.gesin.com.ec/apiarriendo/system/CodeIgniter.php(936): App\Controllers\Rol->index()
#5 /home/gesincom/arriendoinmobiliario.gesin.com.ec/apiarriendo/system/CodeIgniter.php(432): CodeIgniter\CodeIgniter->runController(Object(App\Controllers\Rol))
#6 /home/gesincom/arriendoinmobiliario.gesin.com.ec/apiarriendo/system/CodeIgniter.php(333): CodeIgniter\CodeIgniter->handleRequest(NULL, Object(Config\Cache), false)
#7 /home/gesincom/arriendoinmobiliario.gesin.com.ec/apiarriendo/index.php(44): CodeIgniter\CodeIgniter->run()
#8 {main}
ERROR - 2021-06-06 22:48:31 --> Error connecting to the database: Access denied for user '****'@'localhost' (using password: YES)
CRITICAL - 2021-06-06 22:48:31 --> Unable to connect to the database.
#0 /home/gesincom/arriendoinmobiliario.gesin.com.ec/apiarriendo/system/Database/BaseConnection.php(618): CodeIgniter\Database\BaseConnection->initialize()
#1 /home/gesincom/arriendoinmobiliario.gesin.com.ec/apiarriendo/system/Database/BaseBuilder.php(1866): CodeIgniter\Database\BaseConnection->query('SELECT `tbl_rol...', Array, false)
#2 /home/gesincom/arriendoinmobiliario.gesin.com.ec/apiarriendo/app/Models/RolModel.php(14): CodeIgniter\Database\BaseBuilder->get()
#3 /home/gesincom/arriendoinmobiliario.gesin.com.ec/apiarriendo/app/Controllers/Rol.php(16): App\Models\RolModel->getRol()
#4 /home/gesincom/arriendoinmobiliario.gesin.com.ec/apiarriendo/system/CodeIgniter.php(936): App\Controllers\Rol->index()
#5 /home/gesincom/arriendoinmobiliario.gesin.com.ec/apiarriendo/system/CodeIgniter.php(432): CodeIgniter\CodeIgniter->runController(Object(App\Controllers\Rol))
#6 /home/gesincom/arriendoinmobiliario.gesin.com.ec/apiarriendo/system/CodeIgniter.php(333): CodeIgniter\CodeIgniter->handleRequest(NULL, Object(Config\Cache), false)
#7 /home/gesincom/arriendoinmobiliario.gesin.com.ec/apiarriendo/index.php(44): CodeIgniter\CodeIgniter->run()
#8 {main}
