CRITICAL - 2021-05-23 10:57:53 --> Undefined variable $data
#0 C:\xampp\htdocs\apica\app\Controllers\CarroCiudad.php(81): CodeIgniter\Debug\Exceptions->errorHandler(2, 'Undefined varia...', 'C:\\xampp\\htdocs...', 81)
#1 C:\xampp\htdocs\apica\system\CodeIgniter.php(936): App\Controllers\CarroCiudad->delete('3')
#2 C:\xampp\htdocs\apica\system\CodeIgniter.php(432): CodeIgniter\CodeIgniter->runController(Object(App\Controllers\CarroCiudad))
#3 C:\xampp\htdocs\apica\system\CodeIgniter.php(333): CodeIgniter\CodeIgniter->handleRequest(NULL, Object(Config\Cache), false)
#4 C:\xampp\htdocs\apica\index.php(44): CodeIgniter\CodeIgniter->run()
#5 {main}
CRITICAL - 2021-05-23 12:10:34 --> fec_id is not a valid rule.
#0 C:\xampp\htdocs\apica\system\Validation\Validation.php(314): CodeIgniter\Validation\Exceptions\ValidationException::forRuleNotFound('fec_id')
#1 C:\xampp\htdocs\apica\system\Validation\Validation.php(164): CodeIgniter\Validation\Validation->processRules('fec_id', 'fec_id', '1', Array, Array)
#2 C:\xampp\htdocs\apica\app\Controllers\Usuario.php(108): CodeIgniter\Validation\Validation->run()
#3 C:\xampp\htdocs\apica\system\CodeIgniter.php(936): App\Controllers\Usuario->create()
#4 C:\xampp\htdocs\apica\system\CodeIgniter.php(432): CodeIgniter\CodeIgniter->runController(Object(App\Controllers\Usuario))
#5 C:\xampp\htdocs\apica\system\CodeIgniter.php(333): CodeIgniter\CodeIgniter->handleRequest(NULL, Object(Config\Cache), false)
#6 C:\xampp\htdocs\apica\index.php(44): CodeIgniter\CodeIgniter->run()
#7 {main}
CRITICAL - 2021-05-23 12:11:19 --> fec_id is not a valid rule.
#0 C:\xampp\htdocs\apica\system\Validation\Validation.php(314): CodeIgniter\Validation\Exceptions\ValidationException::forRuleNotFound('fec_id')
#1 C:\xampp\htdocs\apica\system\Validation\Validation.php(164): CodeIgniter\Validation\Validation->processRules('fec_id', 'fec_id', NULL, Array, Array)
#2 C:\xampp\htdocs\apica\app\Controllers\Usuario.php(108): CodeIgniter\Validation\Validation->run()
#3 C:\xampp\htdocs\apica\system\CodeIgniter.php(936): App\Controllers\Usuario->create()
#4 C:\xampp\htdocs\apica\system\CodeIgniter.php(432): CodeIgniter\CodeIgniter->runController(Object(App\Controllers\Usuario))
#5 C:\xampp\htdocs\apica\system\CodeIgniter.php(333): CodeIgniter\CodeIgniter->handleRequest(NULL, Object(Config\Cache), false)
#6 C:\xampp\htdocs\apica\index.php(44): CodeIgniter\CodeIgniter->run()
#7 {main}
ERROR - 2021-05-23 14:44:53 --> mysqli_sql_exception: You have an error in your SQL syntax; check the manual that corresponds to your MariaDB server version for the right syntax to use near '.*, `tbl_tipofranquicia`.*
FROM `tbl_datos_personales_tipo_franquicia`
JOIN `...' at line 1 in C:\xampp\htdocs\apica\system\Database\MySQLi\Connection.php:314
Stack trace:
#0 C:\xampp\htdocs\apica\system\Database\MySQLi\Connection.php(314): mysqli->query('SELECT `tbl_dat...')
#1 C:\xampp\htdocs\apica\system\Database\BaseConnection.php(713): CodeIgniter\Database\MySQLi\Connection->execute('SELECT `tbl_dat...')
#2 C:\xampp\htdocs\apica\system\Database\BaseConnection.php(641): CodeIgniter\Database\BaseConnection->simpleQuery('SELECT `tbl_dat...')
#3 C:\xampp\htdocs\apica\system\Database\BaseBuilder.php(1866): CodeIgniter\Database\BaseConnection->query('SELECT `tbl_dat...', Array, false)
#4 C:\xampp\htdocs\apica\app\Models\DatosPersonalesTipoFranquiciaModel.php(15): CodeIgniter\Database\BaseBuilder->get()
#5 C:\xampp\htdocs\apica\app\Controllers\DatosPersonalesTipoFranquicia.php(15): App\Models\DatosPersonalesTipoFranquiciaModel->getAllDatosPersonalesTipoFranquicia()
#6 C:\xampp\htdocs\apica\system\CodeIgniter.php(936): App\Controllers\DatosPersonalesTipoFranquicia->index()
#7 C:\xampp\htdocs\apica\system\CodeIgniter.php(432): CodeIgniter\CodeIgniter->runController(Object(App\Controllers\DatosPersonalesTipoFranquicia))
#8 C:\xampp\htdocs\apica\system\CodeIgniter.php(333): CodeIgniter\CodeIgniter->handleRequest(NULL, Object(Config\Cache), false)
#9 C:\xampp\htdocs\apica\index.php(44): CodeIgniter\CodeIgniter->run()
#10 {main}
CRITICAL - 2021-05-23 14:44:53 --> You have an error in your SQL syntax; check the manual that corresponds to your MariaDB server version for the right syntax to use near '.*, `tbl_tipofranquicia`.*
FROM `tbl_datos_personales_tipo_franquicia`
JOIN `...' at line 1
#0 C:\xampp\htdocs\apica\system\Database\MySQLi\Connection.php(314): mysqli->query('SELECT `tbl_dat...')
#1 C:\xampp\htdocs\apica\system\Database\BaseConnection.php(713): CodeIgniter\Database\MySQLi\Connection->execute('SELECT `tbl_dat...')
#2 C:\xampp\htdocs\apica\system\Database\BaseConnection.php(641): CodeIgniter\Database\BaseConnection->simpleQuery('SELECT `tbl_dat...')
#3 C:\xampp\htdocs\apica\system\Database\BaseBuilder.php(1866): CodeIgniter\Database\BaseConnection->query('SELECT `tbl_dat...', Array, false)
#4 C:\xampp\htdocs\apica\app\Models\DatosPersonalesTipoFranquiciaModel.php(15): CodeIgniter\Database\BaseBuilder->get()
#5 C:\xampp\htdocs\apica\app\Controllers\DatosPersonalesTipoFranquicia.php(15): App\Models\DatosPersonalesTipoFranquiciaModel->getAllDatosPersonalesTipoFranquicia()
#6 C:\xampp\htdocs\apica\system\CodeIgniter.php(936): App\Controllers\DatosPersonalesTipoFranquicia->index()
#7 C:\xampp\htdocs\apica\system\CodeIgniter.php(432): CodeIgniter\CodeIgniter->runController(Object(App\Controllers\DatosPersonalesTipoFranquicia))
#8 C:\xampp\htdocs\apica\system\CodeIgniter.php(333): CodeIgniter\CodeIgniter->handleRequest(NULL, Object(Config\Cache), false)
#9 C:\xampp\htdocs\apica\index.php(44): CodeIgniter\CodeIgniter->run()
#10 {main}
ERROR - 2021-05-23 14:45:09 --> mysqli_sql_exception: You have an error in your SQL syntax; check the manual that corresponds to your MariaDB server version for the right syntax to use near '.*, `tbl_tipofranquicia`.*
FROM `tbl_datos_personales_tipo_franquicia`
JOIN `...' at line 1 in C:\xampp\htdocs\apica\system\Database\MySQLi\Connection.php:314
Stack trace:
#0 C:\xampp\htdocs\apica\system\Database\MySQLi\Connection.php(314): mysqli->query('SELECT `tbl_dat...')
#1 C:\xampp\htdocs\apica\system\Database\BaseConnection.php(713): CodeIgniter\Database\MySQLi\Connection->execute('SELECT `tbl_dat...')
#2 C:\xampp\htdocs\apica\system\Database\BaseConnection.php(641): CodeIgniter\Database\BaseConnection->simpleQuery('SELECT `tbl_dat...')
#3 C:\xampp\htdocs\apica\system\Database\BaseBuilder.php(1866): CodeIgniter\Database\BaseConnection->query('SELECT `tbl_dat...', Array, false)
#4 C:\xampp\htdocs\apica\app\Models\DatosPersonalesTipoFranquiciaModel.php(15): CodeIgniter\Database\BaseBuilder->get()
#5 C:\xampp\htdocs\apica\app\Controllers\DatosPersonalesTipoFranquicia.php(15): App\Models\DatosPersonalesTipoFranquiciaModel->getAllDatosPersonalesTipoFranquicia()
#6 C:\xampp\htdocs\apica\system\CodeIgniter.php(936): App\Controllers\DatosPersonalesTipoFranquicia->index()
#7 C:\xampp\htdocs\apica\system\CodeIgniter.php(432): CodeIgniter\CodeIgniter->runController(Object(App\Controllers\DatosPersonalesTipoFranquicia))
#8 C:\xampp\htdocs\apica\system\CodeIgniter.php(333): CodeIgniter\CodeIgniter->handleRequest(NULL, Object(Config\Cache), false)
#9 C:\xampp\htdocs\apica\index.php(44): CodeIgniter\CodeIgniter->run()
#10 {main}
CRITICAL - 2021-05-23 14:45:09 --> You have an error in your SQL syntax; check the manual that corresponds to your MariaDB server version for the right syntax to use near '.*, `tbl_tipofranquicia`.*
FROM `tbl_datos_personales_tipo_franquicia`
JOIN `...' at line 1
#0 C:\xampp\htdocs\apica\system\Database\MySQLi\Connection.php(314): mysqli->query('SELECT `tbl_dat...')
#1 C:\xampp\htdocs\apica\system\Database\BaseConnection.php(713): CodeIgniter\Database\MySQLi\Connection->execute('SELECT `tbl_dat...')
#2 C:\xampp\htdocs\apica\system\Database\BaseConnection.php(641): CodeIgniter\Database\BaseConnection->simpleQuery('SELECT `tbl_dat...')
#3 C:\xampp\htdocs\apica\system\Database\BaseBuilder.php(1866): CodeIgniter\Database\BaseConnection->query('SELECT `tbl_dat...', Array, false)
#4 C:\xampp\htdocs\apica\app\Models\DatosPersonalesTipoFranquiciaModel.php(15): CodeIgniter\Database\BaseBuilder->get()
#5 C:\xampp\htdocs\apica\app\Controllers\DatosPersonalesTipoFranquicia.php(15): App\Models\DatosPersonalesTipoFranquiciaModel->getAllDatosPersonalesTipoFranquicia()
#6 C:\xampp\htdocs\apica\system\CodeIgniter.php(936): App\Controllers\DatosPersonalesTipoFranquicia->index()
#7 C:\xampp\htdocs\apica\system\CodeIgniter.php(432): CodeIgniter\CodeIgniter->runController(Object(App\Controllers\DatosPersonalesTipoFranquicia))
#8 C:\xampp\htdocs\apica\system\CodeIgniter.php(333): CodeIgniter\CodeIgniter->handleRequest(NULL, Object(Config\Cache), false)
#9 C:\xampp\htdocs\apica\index.php(44): CodeIgniter\CodeIgniter->run()
#10 {main}
CRITICAL - 2021-05-23 14:58:09 --> Undefined variable $ciudad_model
#0 C:\xampp\htdocs\apica\app\Controllers\DatosPersonalesTipoFranquicia.php(83): CodeIgniter\Debug\Exceptions->errorHandler(2, 'Undefined varia...', 'C:\\xampp\\htdocs...', 83)
#1 C:\xampp\htdocs\apica\system\CodeIgniter.php(936): App\Controllers\DatosPersonalesTipoFranquicia->create()
#2 C:\xampp\htdocs\apica\system\CodeIgniter.php(432): CodeIgniter\CodeIgniter->runController(Object(App\Controllers\DatosPersonalesTipoFranquicia))
#3 C:\xampp\htdocs\apica\system\CodeIgniter.php(333): CodeIgniter\CodeIgniter->handleRequest(NULL, Object(Config\Cache), false)
#4 C:\xampp\htdocs\apica\index.php(44): CodeIgniter\CodeIgniter->run()
#5 {main}
CRITICAL - 2021-05-23 14:59:22 --> Undefined variable $ciudad_model
#0 C:\xampp\htdocs\apica\app\Controllers\DatosPersonalesTipoFranquicia.php(83): CodeIgniter\Debug\Exceptions->errorHandler(2, 'Undefined varia...', 'C:\\xampp\\htdocs...', 83)
#1 C:\xampp\htdocs\apica\system\CodeIgniter.php(936): App\Controllers\DatosPersonalesTipoFranquicia->create()
#2 C:\xampp\htdocs\apica\system\CodeIgniter.php(432): CodeIgniter\CodeIgniter->runController(Object(App\Controllers\DatosPersonalesTipoFranquicia))
#3 C:\xampp\htdocs\apica\system\CodeIgniter.php(333): CodeIgniter\CodeIgniter->handleRequest(NULL, Object(Config\Cache), false)
#4 C:\xampp\htdocs\apica\index.php(44): CodeIgniter\CodeIgniter->run()
#5 {main}
CRITICAL - 2021-05-23 14:59:36 --> Undefined variable $ciudad_model
#0 C:\xampp\htdocs\apica\app\Controllers\DatosPersonalesTipoFranquicia.php(83): CodeIgniter\Debug\Exceptions->errorHandler(2, 'Undefined varia...', 'C:\\xampp\\htdocs...', 83)
#1 C:\xampp\htdocs\apica\system\CodeIgniter.php(936): App\Controllers\DatosPersonalesTipoFranquicia->create()
#2 C:\xampp\htdocs\apica\system\CodeIgniter.php(432): CodeIgniter\CodeIgniter->runController(Object(App\Controllers\DatosPersonalesTipoFranquicia))
#3 C:\xampp\htdocs\apica\system\CodeIgniter.php(333): CodeIgniter\CodeIgniter->handleRequest(NULL, Object(Config\Cache), false)
#4 C:\xampp\htdocs\apica\index.php(44): CodeIgniter\CodeIgniter->run()
#5 {main}
CRITICAL - 2021-05-23 15:00:33 --> Undefined variable $ciudad_model
#0 C:\xampp\htdocs\apica\app\Controllers\DatosPersonalesTipoFranquicia.php(83): CodeIgniter\Debug\Exceptions->errorHandler(2, 'Undefined varia...', 'C:\\xampp\\htdocs...', 83)
#1 C:\xampp\htdocs\apica\system\CodeIgniter.php(936): App\Controllers\DatosPersonalesTipoFranquicia->create()
#2 C:\xampp\htdocs\apica\system\CodeIgniter.php(432): CodeIgniter\CodeIgniter->runController(Object(App\Controllers\DatosPersonalesTipoFranquicia))
#3 C:\xampp\htdocs\apica\system\CodeIgniter.php(333): CodeIgniter\CodeIgniter->handleRequest(NULL, Object(Config\Cache), false)
#4 C:\xampp\htdocs\apica\index.php(44): CodeIgniter\CodeIgniter->run()
#5 {main}
CRITICAL - 2021-05-23 15:08:28 --> Undefined variable $ciudad_model
#0 C:\xampp\htdocs\apica\app\Controllers\DatosPersonalesTipoFranquicia.php(117): CodeIgniter\Debug\Exceptions->errorHandler(2, 'Undefined varia...', 'C:\\xampp\\htdocs...', 117)
#1 C:\xampp\htdocs\apica\system\CodeIgniter.php(936): App\Controllers\DatosPersonalesTipoFranquicia->update('3')
#2 C:\xampp\htdocs\apica\system\CodeIgniter.php(432): CodeIgniter\CodeIgniter->runController(Object(App\Controllers\DatosPersonalesTipoFranquicia))
#3 C:\xampp\htdocs\apica\system\CodeIgniter.php(333): CodeIgniter\CodeIgniter->handleRequest(NULL, Object(Config\Cache), false)
#4 C:\xampp\htdocs\apica\index.php(44): CodeIgniter\CodeIgniter->run()
#5 {main}
CRITICAL - 2021-05-23 15:13:47 --> Undefined variable $datos_personales_tipo_franquicia_model
#0 C:\xampp\htdocs\apica\app\Controllers\DatosPersonalesTipoFranquicia.php(101): CodeIgniter\Debug\Exceptions->errorHandler(2, 'Undefined varia...', 'C:\\xampp\\htdocs...', 101)
#1 C:\xampp\htdocs\apica\system\CodeIgniter.php(936): App\Controllers\DatosPersonalesTipoFranquicia->update('2')
#2 C:\xampp\htdocs\apica\system\CodeIgniter.php(432): CodeIgniter\CodeIgniter->runController(Object(App\Controllers\DatosPersonalesTipoFranquicia))
#3 C:\xampp\htdocs\apica\system\CodeIgniter.php(333): CodeIgniter\CodeIgniter->handleRequest(NULL, Object(Config\Cache), false)
#4 C:\xampp\htdocs\apica\index.php(44): CodeIgniter\CodeIgniter->run()
#5 {main}
CRITICAL - 2021-05-23 15:15:05 --> Undefined variable $ciudad_model
#0 C:\xampp\htdocs\apica\app\Controllers\DatosPersonalesTipoFranquicia.php(56): CodeIgniter\Debug\Exceptions->errorHandler(2, 'Undefined varia...', 'C:\\xampp\\htdocs...', 56)
#1 C:\xampp\htdocs\apica\system\CodeIgniter.php(936): App\Controllers\DatosPersonalesTipoFranquicia->delete('2')
#2 C:\xampp\htdocs\apica\system\CodeIgniter.php(432): CodeIgniter\CodeIgniter->runController(Object(App\Controllers\DatosPersonalesTipoFranquicia))
#3 C:\xampp\htdocs\apica\system\CodeIgniter.php(333): CodeIgniter\CodeIgniter->handleRequest(NULL, Object(Config\Cache), false)
#4 C:\xampp\htdocs\apica\index.php(44): CodeIgniter\CodeIgniter->run()
#5 {main}
ERROR - 2021-05-23 16:28:42 --> mysqli_sql_exception: You have an error in your SQL syntax; check the manual that corresponds to your MariaDB server version for the right syntax to use near 'IS NULL
AND `tbl_precio_franquiciado`.`prf_kilometraje_maximo` > IS NULL' at line 3 in C:\xampp\htdocs\apica\system\Database\MySQLi\Connection.php:314
Stack trace:
#0 C:\xampp\htdocs\apica\system\Database\MySQLi\Connection.php(314): mysqli->query('SELECT `tbl_pre...')
#1 C:\xampp\htdocs\apica\system\Database\BaseConnection.php(713): CodeIgniter\Database\MySQLi\Connection->execute('SELECT `tbl_pre...')
#2 C:\xampp\htdocs\apica\system\Database\BaseConnection.php(641): CodeIgniter\Database\BaseConnection->simpleQuery('SELECT `tbl_pre...')
#3 C:\xampp\htdocs\apica\system\Database\BaseBuilder.php(1866): CodeIgniter\Database\BaseConnection->query('SELECT `tbl_pre...', Array, false)
#4 C:\xampp\htdocs\apica\app\Models\PrecioFranquiciadoModel.php(24): CodeIgniter\Database\BaseBuilder->get()
#5 C:\xampp\htdocs\apica\app\Controllers\PrecioFranquiciado.php(20): App\Models\PrecioFranquiciadoModel->getPrecioFranquicidoentre(NULL)
#6 C:\xampp\htdocs\apica\system\CodeIgniter.php(936): App\Controllers\PrecioFranquiciado->preciosegunkilometros()
#7 C:\xampp\htdocs\apica\system\CodeIgniter.php(432): CodeIgniter\CodeIgniter->runController(Object(App\Controllers\PrecioFranquiciado))
#8 C:\xampp\htdocs\apica\system\CodeIgniter.php(333): CodeIgniter\CodeIgniter->handleRequest(NULL, Object(Config\Cache), false)
#9 C:\xampp\htdocs\apica\index.php(44): CodeIgniter\CodeIgniter->run()
#10 {main}
CRITICAL - 2021-05-23 16:28:42 --> You have an error in your SQL syntax; check the manual that corresponds to your MariaDB server version for the right syntax to use near 'IS NULL
AND `tbl_precio_franquiciado`.`prf_kilometraje_maximo` > IS NULL' at line 3
#0 C:\xampp\htdocs\apica\system\Database\MySQLi\Connection.php(314): mysqli->query('SELECT `tbl_pre...')
#1 C:\xampp\htdocs\apica\system\Database\BaseConnection.php(713): CodeIgniter\Database\MySQLi\Connection->execute('SELECT `tbl_pre...')
#2 C:\xampp\htdocs\apica\system\Database\BaseConnection.php(641): CodeIgniter\Database\BaseConnection->simpleQuery('SELECT `tbl_pre...')
#3 C:\xampp\htdocs\apica\system\Database\BaseBuilder.php(1866): CodeIgniter\Database\BaseConnection->query('SELECT `tbl_pre...', Array, false)
#4 C:\xampp\htdocs\apica\app\Models\PrecioFranquiciadoModel.php(24): CodeIgniter\Database\BaseBuilder->get()
#5 C:\xampp\htdocs\apica\app\Controllers\PrecioFranquiciado.php(20): App\Models\PrecioFranquiciadoModel->getPrecioFranquicidoentre(NULL)
#6 C:\xampp\htdocs\apica\system\CodeIgniter.php(936): App\Controllers\PrecioFranquiciado->preciosegunkilometros()
#7 C:\xampp\htdocs\apica\system\CodeIgniter.php(432): CodeIgniter\CodeIgniter->runController(Object(App\Controllers\PrecioFranquiciado))
#8 C:\xampp\htdocs\apica\system\CodeIgniter.php(333): CodeIgniter\CodeIgniter->handleRequest(NULL, Object(Config\Cache), false)
#9 C:\xampp\htdocs\apica\index.php(44): CodeIgniter\CodeIgniter->run()
#10 {main}
