ERROR - 2021-03-18 11:30:06 --> mysqli_sql_exception: Column 'bap_codigo_banco' cannot be null in C:\xampp\htdocs\conciliacion\system\Database\MySQLi\Connection.php:314
Stack trace:
#0 C:\xampp\htdocs\conciliacion\system\Database\MySQLi\Connection.php(314): mysqli->query('INSERT INTO `tb...')
#1 C:\xampp\htdocs\conciliacion\system\Database\BaseConnection.php(713): CodeIgniter\Database\MySQLi\Connection->execute('INSERT INTO `tb...')
#2 C:\xampp\htdocs\conciliacion\system\Database\BaseConnection.php(641): CodeIgniter\Database\BaseConnection->simpleQuery('INSERT INTO `tb...')
#3 C:\xampp\htdocs\conciliacion\system\Database\BaseBuilder.php(2263): CodeIgniter\Database\BaseConnection->query('INSERT INTO `tb...', Array, false)
#4 C:\xampp\htdocs\conciliacion\app\Models\RelacionBancoTipoPagoModel.php(36): CodeIgniter\Database\BaseBuilder->insert(Array)
#5 C:\xampp\htdocs\conciliacion\app\Controllers\RelacionBancoTipoPago.php(158): App\Models\RelacionBancoTipoPagoModel->insertar(Array)
#6 C:\xampp\htdocs\conciliacion\system\CodeIgniter.php(936): App\Controllers\RelacionBancoTipoPago->create()
#7 C:\xampp\htdocs\conciliacion\system\CodeIgniter.php(432): CodeIgniter\CodeIgniter->runController(Object(App\Controllers\RelacionBancoTipoPago))
#8 C:\xampp\htdocs\conciliacion\system\CodeIgniter.php(333): CodeIgniter\CodeIgniter->handleRequest(NULL, Object(Config\Cache), false)
#9 C:\xampp\htdocs\conciliacion\public\index.php(44): CodeIgniter\CodeIgniter->run()
#10 {main}
CRITICAL - 2021-03-18 11:30:06 --> Column 'bap_codigo_banco' cannot be null
#0 C:\xampp\htdocs\conciliacion\system\Database\MySQLi\Connection.php(314): mysqli->query('INSERT INTO `tb...')
#1 C:\xampp\htdocs\conciliacion\system\Database\BaseConnection.php(713): CodeIgniter\Database\MySQLi\Connection->execute('INSERT INTO `tb...')
#2 C:\xampp\htdocs\conciliacion\system\Database\BaseConnection.php(641): CodeIgniter\Database\BaseConnection->simpleQuery('INSERT INTO `tb...')
#3 C:\xampp\htdocs\conciliacion\system\Database\BaseBuilder.php(2263): CodeIgniter\Database\BaseConnection->query('INSERT INTO `tb...', Array, false)
#4 C:\xampp\htdocs\conciliacion\app\Models\RelacionBancoTipoPagoModel.php(36): CodeIgniter\Database\BaseBuilder->insert(Array)
#5 C:\xampp\htdocs\conciliacion\app\Controllers\RelacionBancoTipoPago.php(158): App\Models\RelacionBancoTipoPagoModel->insertar(Array)
#6 C:\xampp\htdocs\conciliacion\system\CodeIgniter.php(936): App\Controllers\RelacionBancoTipoPago->create()
#7 C:\xampp\htdocs\conciliacion\system\CodeIgniter.php(432): CodeIgniter\CodeIgniter->runController(Object(App\Controllers\RelacionBancoTipoPago))
#8 C:\xampp\htdocs\conciliacion\system\CodeIgniter.php(333): CodeIgniter\CodeIgniter->handleRequest(NULL, Object(Config\Cache), false)
#9 C:\xampp\htdocs\conciliacion\public\index.php(44): CodeIgniter\CodeIgniter->run()
#10 {main}
