ERROR - 2021-10-18 10:43:28 --> Error connecting to the database: Access denied for user '****'@'localhost' (using password: YES)
CRITICAL - 2021-10-18 10:43:28 --> Unable to connect to the database.
#0 /home/teamzfac/public_html/teamzfactorial.com/cppillajo/apiarriendo/system/Database/BaseConnection.php(618): CodeIgniter\Database\BaseConnection->initialize()
#1 /home/teamzfac/public_html/teamzfactorial.com/cppillajo/apiarriendo/system/Database/BaseBuilder.php(1866): CodeIgniter\Database\BaseConnection->query('SELECT `tbl_inm...', Array, false)
#2 /home/teamzfac/public_html/teamzfactorial.com/cppillajo/apiarriendo/app/Models/InmuebleModel.php(39): CodeIgniter\Database\BaseBuilder->get()
#3 /home/teamzfac/public_html/teamzfactorial.com/cppillajo/apiarriendo/app/Controllers/Inmueble.php(57): App\Models\InmuebleModel->getUnInmueble(NULL)
#4 /home/teamzfac/public_html/teamzfactorial.com/cppillajo/apiarriendo/system/CodeIgniter.php(936): App\Controllers\Inmueble->show()
#5 /home/teamzfac/public_html/teamzfactorial.com/cppillajo/apiarriendo/system/CodeIgniter.php(432): CodeIgniter\CodeIgniter->runController(Object(App\Controllers\Inmueble))
#6 /home/teamzfac/public_html/teamzfactorial.com/cppillajo/apiarriendo/system/CodeIgniter.php(333): CodeIgniter\CodeIgniter->handleRequest(NULL, Object(Config\Cache), false)
#7 /home/teamzfac/public_html/teamzfactorial.com/cppillajo/apiarriendo/index.php(44): CodeIgniter\CodeIgniter->run()
#8 {main}
ERROR - 2021-10-18 10:49:16 --> Error connecting to the database: Access denied for user '****'@'localhost' (using password: YES)
CRITICAL - 2021-10-18 10:49:16 --> Unable to connect to the database.
#0 /home/teamzfac/public_html/teamzfactorial.com/cppillajo/apiarriendo/system/Database/BaseConnection.php(618): CodeIgniter\Database\BaseConnection->initialize()
#1 /home/teamzfac/public_html/teamzfactorial.com/cppillajo/apiarriendo/system/Database/BaseBuilder.php(1866): CodeIgniter\Database\BaseConnection->query('SELECT `tbl_inm...', Array, false)
#2 /home/teamzfac/public_html/teamzfactorial.com/cppillajo/apiarriendo/app/Models/InmuebleModel.php(39): CodeIgniter\Database\BaseBuilder->get()
#3 /home/teamzfac/public_html/teamzfactorial.com/cppillajo/apiarriendo/app/Controllers/Inmueble.php(57): App\Models\InmuebleModel->getUnInmueble(NULL)
#4 /home/teamzfac/public_html/teamzfactorial.com/cppillajo/apiarriendo/system/CodeIgniter.php(936): App\Controllers\Inmueble->show()
#5 /home/teamzfac/public_html/teamzfactorial.com/cppillajo/apiarriendo/system/CodeIgniter.php(432): CodeIgniter\CodeIgniter->runController(Object(App\Controllers\Inmueble))
#6 /home/teamzfac/public_html/teamzfactorial.com/cppillajo/apiarriendo/system/CodeIgniter.php(333): CodeIgniter\CodeIgniter->handleRequest(NULL, Object(Config\Cache), false)
#7 /home/teamzfac/public_html/teamzfactorial.com/cppillajo/apiarriendo/index.php(44): CodeIgniter\CodeIgniter->run()
#8 {main}
ERROR - 2021-10-18 10:53:05 --> Error connecting to the database: Access denied for user '****'@'localhost' (using password: YES)
CRITICAL - 2021-10-18 10:53:05 --> Unable to connect to the database.
#0 /home/teamzfac/public_html/teamzfactorial.com/cppillajo/apiarriendo/system/Database/BaseConnection.php(618): CodeIgniter\Database\BaseConnection->initialize()
#1 /home/teamzfac/public_html/teamzfactorial.com/cppillajo/apiarriendo/system/Database/BaseBuilder.php(1866): CodeIgniter\Database\BaseConnection->query('SELECT `tbl_inm...', Array, false)
#2 /home/teamzfac/public_html/teamzfactorial.com/cppillajo/apiarriendo/app/Models/InmuebleModel.php(39): CodeIgniter\Database\BaseBuilder->get()
#3 /home/teamzfac/public_html/teamzfactorial.com/cppillajo/apiarriendo/app/Controllers/Inmueble.php(57): App\Models\InmuebleModel->getUnInmueble(NULL)
#4 /home/teamzfac/public_html/teamzfactorial.com/cppillajo/apiarriendo/system/CodeIgniter.php(936): App\Controllers\Inmueble->show()
#5 /home/teamzfac/public_html/teamzfactorial.com/cppillajo/apiarriendo/system/CodeIgniter.php(432): CodeIgniter\CodeIgniter->runController(Object(App\Controllers\Inmueble))
#6 /home/teamzfac/public_html/teamzfactorial.com/cppillajo/apiarriendo/system/CodeIgniter.php(333): CodeIgniter\CodeIgniter->handleRequest(NULL, Object(Config\Cache), false)
#7 /home/teamzfac/public_html/teamzfactorial.com/cppillajo/apiarriendo/index.php(44): CodeIgniter\CodeIgniter->run()
#8 {main}
ERROR - 2021-10-18 10:53:37 --> Error connecting to the database: Access denied for user '****'@'localhost' (using password: YES)
CRITICAL - 2021-10-18 10:53:37 --> Unable to connect to the database.
#0 /home/teamzfac/public_html/teamzfactorial.com/cppillajo/apiarriendo/system/Database/BaseConnection.php(618): CodeIgniter\Database\BaseConnection->initialize()
#1 /home/teamzfac/public_html/teamzfactorial.com/cppillajo/apiarriendo/system/Database/BaseBuilder.php(1866): CodeIgniter\Database\BaseConnection->query('SELECT `tbl_rol...', Array, false)
#2 /home/teamzfac/public_html/teamzfactorial.com/cppillajo/apiarriendo/app/Models/RolModel.php(14): CodeIgniter\Database\BaseBuilder->get()
#3 /home/teamzfac/public_html/teamzfactorial.com/cppillajo/apiarriendo/app/Controllers/Rol.php(16): App\Models\RolModel->getRol()
#4 /home/teamzfac/public_html/teamzfactorial.com/cppillajo/apiarriendo/system/CodeIgniter.php(936): App\Controllers\Rol->index()
#5 /home/teamzfac/public_html/teamzfactorial.com/cppillajo/apiarriendo/system/CodeIgniter.php(432): CodeIgniter\CodeIgniter->runController(Object(App\Controllers\Rol))
#6 /home/teamzfac/public_html/teamzfactorial.com/cppillajo/apiarriendo/system/CodeIgniter.php(333): CodeIgniter\CodeIgniter->handleRequest(NULL, Object(Config\Cache), false)
#7 /home/teamzfac/public_html/teamzfactorial.com/cppillajo/apiarriendo/index.php(44): CodeIgniter\CodeIgniter->run()
#8 {main}
ERROR - 2021-10-18 10:55:56 --> Error connecting to the database: Access denied for user '****'@'localhost' (using password: YES)
CRITICAL - 2021-10-18 10:55:56 --> Unable to connect to the database.
#0 /home/teamzfac/public_html/teamzfactorial.com/cppillajo/apiarriendo/system/Database/BaseConnection.php(618): CodeIgniter\Database\BaseConnection->initialize()
#1 /home/teamzfac/public_html/teamzfactorial.com/cppillajo/apiarriendo/system/Database/BaseBuilder.php(1866): CodeIgniter\Database\BaseConnection->query('SELECT `tbl_rol...', Array, false)
#2 /home/teamzfac/public_html/teamzfactorial.com/cppillajo/apiarriendo/app/Models/RolModel.php(14): CodeIgniter\Database\BaseBuilder->get()
#3 /home/teamzfac/public_html/teamzfactorial.com/cppillajo/apiarriendo/app/Controllers/Rol.php(16): App\Models\RolModel->getRol()
#4 /home/teamzfac/public_html/teamzfactorial.com/cppillajo/apiarriendo/system/CodeIgniter.php(936): App\Controllers\Rol->index()
#5 /home/teamzfac/public_html/teamzfactorial.com/cppillajo/apiarriendo/system/CodeIgniter.php(432): CodeIgniter\CodeIgniter->runController(Object(App\Controllers\Rol))
#6 /home/teamzfac/public_html/teamzfactorial.com/cppillajo/apiarriendo/system/CodeIgniter.php(333): CodeIgniter\CodeIgniter->handleRequest(NULL, Object(Config\Cache), false)
#7 /home/teamzfac/public_html/teamzfactorial.com/cppillajo/apiarriendo/index.php(44): CodeIgniter\CodeIgniter->run()
#8 {main}
ERROR - 2021-10-18 10:58:28 --> Error connecting to the database: Access denied for user '****'@'localhost' (using password: YES)
CRITICAL - 2021-10-18 10:58:28 --> Unable to connect to the database.
#0 /home/teamzfac/public_html/teamzfactorial.com/cppillajo/apiarriendo/system/Database/BaseConnection.php(618): CodeIgniter\Database\BaseConnection->initialize()
#1 /home/teamzfac/public_html/teamzfactorial.com/cppillajo/apiarriendo/system/Database/BaseBuilder.php(1866): CodeIgniter\Database\BaseConnection->query('SELECT `tbl_rol...', Array, false)
#2 /home/teamzfac/public_html/teamzfactorial.com/cppillajo/apiarriendo/app/Models/RolModel.php(14): CodeIgniter\Database\BaseBuilder->get()
#3 /home/teamzfac/public_html/teamzfactorial.com/cppillajo/apiarriendo/app/Controllers/Rol.php(16): App\Models\RolModel->getRol()
#4 /home/teamzfac/public_html/teamzfactorial.com/cppillajo/apiarriendo/system/CodeIgniter.php(936): App\Controllers\Rol->index()
#5 /home/teamzfac/public_html/teamzfactorial.com/cppillajo/apiarriendo/system/CodeIgniter.php(432): CodeIgniter\CodeIgniter->runController(Object(App\Controllers\Rol))
#6 /home/teamzfac/public_html/teamzfactorial.com/cppillajo/apiarriendo/system/CodeIgniter.php(333): CodeIgniter\CodeIgniter->handleRequest(NULL, Object(Config\Cache), false)
#7 /home/teamzfac/public_html/teamzfactorial.com/cppillajo/apiarriendo/index.php(44): CodeIgniter\CodeIgniter->run()
#8 {main}
ERROR - 2021-10-18 11:03:25 --> Error connecting to the database: Access denied for user '****'@'localhost' (using password: YES)
CRITICAL - 2021-10-18 11:03:25 --> Unable to connect to the database.
#0 /home/teamzfac/public_html/teamzfactorial.com/cppillajo/apiarriendo/system/Database/BaseConnection.php(618): CodeIgniter\Database\BaseConnection->initialize()
#1 /home/teamzfac/public_html/teamzfactorial.com/cppillajo/apiarriendo/system/Database/BaseBuilder.php(1866): CodeIgniter\Database\BaseConnection->query('SELECT `tbl_rol...', Array, false)
#2 /home/teamzfac/public_html/teamzfactorial.com/cppillajo/apiarriendo/app/Models/RolModel.php(14): CodeIgniter\Database\BaseBuilder->get()
#3 /home/teamzfac/public_html/teamzfactorial.com/cppillajo/apiarriendo/app/Controllers/Rol.php(16): App\Models\RolModel->getRol()
#4 /home/teamzfac/public_html/teamzfactorial.com/cppillajo/apiarriendo/system/CodeIgniter.php(936): App\Controllers\Rol->index()
#5 /home/teamzfac/public_html/teamzfactorial.com/cppillajo/apiarriendo/system/CodeIgniter.php(432): CodeIgniter\CodeIgniter->runController(Object(App\Controllers\Rol))
#6 /home/teamzfac/public_html/teamzfactorial.com/cppillajo/apiarriendo/system/CodeIgniter.php(333): CodeIgniter\CodeIgniter->handleRequest(NULL, Object(Config\Cache), false)
#7 /home/teamzfac/public_html/teamzfactorial.com/cppillajo/apiarriendo/index.php(44): CodeIgniter\CodeIgniter->run()
#8 {main}
ERROR - 2021-10-18 11:08:43 --> Error connecting to the database: Access denied for user '****'@'localhost' (using password: YES)
CRITICAL - 2021-10-18 11:08:43 --> Unable to connect to the database.
#0 /home/teamzfac/public_html/teamzfactorial.com/cppillajo/apiarriendo/system/Database/BaseConnection.php(618): CodeIgniter\Database\BaseConnection->initialize()
#1 /home/teamzfac/public_html/teamzfactorial.com/cppillajo/apiarriendo/system/Database/BaseBuilder.php(1866): CodeIgniter\Database\BaseConnection->query('SELECT `tbl_rol...', Array, false)
#2 /home/teamzfac/public_html/teamzfactorial.com/cppillajo/apiarriendo/app/Models/RolModel.php(14): CodeIgniter\Database\BaseBuilder->get()
#3 /home/teamzfac/public_html/teamzfactorial.com/cppillajo/apiarriendo/app/Controllers/Rol.php(16): App\Models\RolModel->getRol()
#4 /home/teamzfac/public_html/teamzfactorial.com/cppillajo/apiarriendo/system/CodeIgniter.php(936): App\Controllers\Rol->index()
#5 /home/teamzfac/public_html/teamzfactorial.com/cppillajo/apiarriendo/system/CodeIgniter.php(432): CodeIgniter\CodeIgniter->runController(Object(App\Controllers\Rol))
#6 /home/teamzfac/public_html/teamzfactorial.com/cppillajo/apiarriendo/system/CodeIgniter.php(333): CodeIgniter\CodeIgniter->handleRequest(NULL, Object(Config\Cache), false)
#7 /home/teamzfac/public_html/teamzfactorial.com/cppillajo/apiarriendo/index.php(44): CodeIgniter\CodeIgniter->run()
#8 {main}
